<?xml version="1.0" encoding="UTF-8"?>
<!-- Generated by org.testng.reporters.JUnitReportReporter -->
<testsuite skipped="0" hostname="Shiva" name="runners.ParallelFeatureRunners" tests="6" failures="0" timestamp="2020-01-12T21:44:31 IST" time="57.309" errors="0">
  <testcase name="runScenario" time="11.751" classname="runners.ParallelFeatureRunners"/>
  <system-out/>
  <testcase name="runScenario" time="12.188" classname="runners.ParallelFeatureRunners"/>
  <system-out/>
  <testcase name="runScenario" time="10.806" classname="runners.ParallelFeatureRunners"/>
  <system-out/>
  <testcase name="runScenario" time="10.585" classname="runners.ParallelFeatureRunners"/>
  <system-out/>
  <testcase name="runScenario" time="11.978" classname="runners.ParallelFeatureRunners"/>
  <system-out/>
  <testcase name="test" time="0.001" classname="runners.ParallelFeatureRunners"/>
  <system-out/>
</testsuite> <!-- runners.ParallelFeatureRunners -->
